0 info it worked if it ends with ok
1 verbose cli [ '/usr/bin/node', '/usr/bin/npm', 'install' ]
2 info using npm@1.4.28
3 info using node@v0.10.33
4 verbose node symlink /usr/bin/node
5 warn package.json node-todo@0.0.0 No repository field.
6 verbose readDependencies using package.json deps
7 verbose install where, deps [ '/home/ashish/Desktop/demo/node-todo',
7 verbose install   [ 'express',
7 verbose install     'mongoose',
7 verbose install     'morgan',
7 verbose install     'body-parser',
7 verbose install     'method-override' ] ]
8 info preinstall node-todo@0.0.0
9 verbose readDependencies using package.json deps
10 verbose cache add [ 'express@~4.6.1', null ]
11 verbose cache add name=undefined spec="express@~4.6.1" args=["express@~4.6.1",null]
12 verbose parsed url { protocol: null,
12 verbose parsed url   slashes: null,
12 verbose parsed url   auth: null,
12 verbose parsed url   host: null,
12 verbose parsed url   port: null,
12 verbose parsed url   hostname: null,
12 verbose parsed url   hash: null,
12 verbose parsed url   search: null,
12 verbose parsed url   query: null,
12 verbose parsed url   pathname: 'express@~4.6.1',
12 verbose parsed url   path: 'express@~4.6.1',
12 verbose parsed url   href: 'express@~4.6.1' }
13 verbose cache add [ 'mongoose@~3.8.13', null ]
14 verbose cache add name=undefined spec="mongoose@~3.8.13" args=["mongoose@~3.8.13",null]
15 verbose parsed url { protocol: null,
15 verbose parsed url   slashes: null,
15 verbose parsed url   auth: null,
15 verbose parsed url   host: null,
15 verbose parsed url   port: null,
15 verbose parsed url   hostname: null,
15 verbose parsed url   hash: null,
15 verbose parsed url   search: null,
15 verbose parsed url   query: null,
15 verbose parsed url   pathname: 'mongoose@~3.8.13',
15 verbose parsed url   path: 'mongoose@~3.8.13',
15 verbose parsed url   href: 'mongoose@~3.8.13' }
16 verbose cache add [ 'morgan@~1.1.1', null ]
17 verbose cache add name=undefined spec="morgan@~1.1.1" args=["morgan@~1.1.1",null]
18 verbose parsed url { protocol: null,
18 verbose parsed url   slashes: null,
18 verbose parsed url   auth: null,
18 verbose parsed url   host: null,
18 verbose parsed url   port: null,
18 verbose parsed url   hostname: null,
18 verbose parsed url   hash: null,
18 verbose parsed url   search: null,
18 verbose parsed url   query: null,
18 verbose parsed url   pathname: 'morgan@~1.1.1',
18 verbose parsed url   path: 'morgan@~1.1.1',
18 verbose parsed url   href: 'morgan@~1.1.1' }
19 verbose cache add [ 'body-parser@~1.4.3', null ]
20 verbose cache add name=undefined spec="body-parser@~1.4.3" args=["body-parser@~1.4.3",null]
21 verbose parsed url { protocol: null,
21 verbose parsed url   slashes: null,
21 verbose parsed url   auth: null,
21 verbose parsed url   host: null,
21 verbose parsed url   port: null,
21 verbose parsed url   hostname: null,
21 verbose parsed url   hash: null,
21 verbose parsed url   search: null,
21 verbose parsed url   query: null,
21 verbose parsed url   pathname: 'body-parser@~1.4.3',
21 verbose parsed url   path: 'body-parser@~1.4.3',
21 verbose parsed url   href: 'body-parser@~1.4.3' }
22 verbose cache add [ 'method-override@~2.1.1', null ]
23 verbose cache add name=undefined spec="method-override@~2.1.1" args=["method-override@~2.1.1",null]
24 verbose parsed url { protocol: null,
24 verbose parsed url   slashes: null,
24 verbose parsed url   auth: null,
24 verbose parsed url   host: null,
24 verbose parsed url   port: null,
24 verbose parsed url   hostname: null,
24 verbose parsed url   hash: null,
24 verbose parsed url   search: null,
24 verbose parsed url   query: null,
24 verbose parsed url   pathname: 'method-override@~2.1.1',
24 verbose parsed url   path: 'method-override@~2.1.1',
24 verbose parsed url   href: 'method-override@~2.1.1' }
25 verbose cache add name="express" spec="~4.6.1" args=["express","~4.6.1"]
26 verbose parsed url { protocol: null,
26 verbose parsed url   slashes: null,
26 verbose parsed url   auth: null,
26 verbose parsed url   host: null,
26 verbose parsed url   port: null,
26 verbose parsed url   hostname: null,
26 verbose parsed url   hash: null,
26 verbose parsed url   search: null,
26 verbose parsed url   query: null,
26 verbose parsed url   pathname: '~4.6.1',
26 verbose parsed url   path: '~4.6.1',
26 verbose parsed url   href: '~4.6.1' }
27 verbose addNamed [ 'express', '~4.6.1' ]
28 verbose addNamed [ null, '>=4.6.1-0 <4.7.0-0' ]
29 verbose cache add name="mongoose" spec="~3.8.13" args=["mongoose","~3.8.13"]
30 verbose parsed url { protocol: null,
30 verbose parsed url   slashes: null,
30 verbose parsed url   auth: null,
30 verbose parsed url   host: null,
30 verbose parsed url   port: null,
30 verbose parsed url   hostname: null,
30 verbose parsed url   hash: null,
30 verbose parsed url   search: null,
30 verbose parsed url   query: null,
30 verbose parsed url   pathname: '~3.8.13',
30 verbose parsed url   path: '~3.8.13',
30 verbose parsed url   href: '~3.8.13' }
31 verbose addNamed [ 'mongoose', '~3.8.13' ]
32 verbose addNamed [ null, '>=3.8.13-0 <3.9.0-0' ]
33 verbose cache add name="morgan" spec="~1.1.1" args=["morgan","~1.1.1"]
34 verbose parsed url { protocol: null,
34 verbose parsed url   slashes: null,
34 verbose parsed url   auth: null,
34 verbose parsed url   host: null,
34 verbose parsed url   port: null,
34 verbose parsed url   hostname: null,
34 verbose parsed url   hash: null,
34 verbose parsed url   search: null,
34 verbose parsed url   query: null,
34 verbose parsed url   pathname: '~1.1.1',
34 verbose parsed url   path: '~1.1.1',
34 verbose parsed url   href: '~1.1.1' }
35 verbose addNamed [ 'morgan', '~1.1.1' ]
36 verbose addNamed [ null, '>=1.1.1-0 <1.2.0-0' ]
37 verbose cache add name="body-parser" spec="~1.4.3" args=["body-parser","~1.4.3"]
38 verbose parsed url { protocol: null,
38 verbose parsed url   slashes: null,
38 verbose parsed url   auth: null,
38 verbose parsed url   host: null,
38 verbose parsed url   port: null,
38 verbose parsed url   hostname: null,
38 verbose parsed url   hash: null,
38 verbose parsed url   search: null,
38 verbose parsed url   query: null,
38 verbose parsed url   pathname: '~1.4.3',
38 verbose parsed url   path: '~1.4.3',
38 verbose parsed url   href: '~1.4.3' }
39 verbose addNamed [ 'body-parser', '~1.4.3' ]
40 verbose addNamed [ null, '>=1.4.3-0 <1.5.0-0' ]
41 verbose cache add name="method-override" spec="~2.1.1" args=["method-override","~2.1.1"]
42 verbose parsed url { protocol: null,
42 verbose parsed url   slashes: null,
42 verbose parsed url   auth: null,
42 verbose parsed url   host: null,
42 verbose parsed url   port: null,
42 verbose parsed url   hostname: null,
42 verbose parsed url   hash: null,
42 verbose parsed url   search: null,
42 verbose parsed url   query: null,
42 verbose parsed url   pathname: '~2.1.1',
42 verbose parsed url   path: '~2.1.1',
42 verbose parsed url   href: '~2.1.1' }
43 verbose addNamed [ 'method-override', '~2.1.1' ]
44 verbose addNamed [ null, '>=2.1.1-0 <2.2.0-0' ]
45 silly lockFile 8c81496e-express-4-6-1 express@~4.6.1
46 verbose lock express@~4.6.1 /home/ashish/.npm/8c81496e-express-4-6-1.lock
47 silly lockFile 8b07a538-mongoose-3-8-13 mongoose@~3.8.13
48 verbose lock mongoose@~3.8.13 /home/ashish/.npm/8b07a538-mongoose-3-8-13.lock
49 silly lockFile 2a2f7426-morgan-1-1-1 morgan@~1.1.1
50 verbose lock morgan@~1.1.1 /home/ashish/.npm/2a2f7426-morgan-1-1-1.lock
51 silly lockFile 09a058c8-body-parser-1-4-3 body-parser@~1.4.3
52 verbose lock body-parser@~1.4.3 /home/ashish/.npm/09a058c8-body-parser-1-4-3.lock
53 silly lockFile dba61a8c-method-override-2-1-1 method-override@~2.1.1
54 verbose lock method-override@~2.1.1 /home/ashish/.npm/dba61a8c-method-override-2-1-1.lock
55 silly addNameRange { name: 'express', range: '>=4.6.1-0 <4.7.0-0', hasData: false }
56 silly addNameRange { name: 'mongoose',
56 silly addNameRange   range: '>=3.8.13-0 <3.9.0-0',
56 silly addNameRange   hasData: false }
57 silly addNameRange { name: 'morgan', range: '>=1.1.1-0 <1.2.0-0', hasData: false }
58 silly addNameRange { name: 'body-parser',
58 silly addNameRange   range: '>=1.4.3-0 <1.5.0-0',
58 silly addNameRange   hasData: false }
59 silly addNameRange { name: 'method-override',
59 silly addNameRange   range: '>=2.1.1-0 <2.2.0-0',
59 silly addNameRange   hasData: false }
60 verbose request where is /morgan
61 verbose request registry http://registry.npmjs.org/
62 verbose request id 2b8bcee2715cd9ac
63 verbose url raw /morgan
64 verbose url resolving [ 'http://registry.npmjs.org/', './morgan' ]
65 verbose url resolved http://registry.npmjs.org/morgan
66 verbose request where is http://registry.npmjs.org/morgan
67 info trying registry request attempt 1 at 00:43:18
68 verbose etag "A4D8HEFHF3VM613B88P1RXA9D"
69 http GET http://registry.npmjs.org/morgan
70 verbose request where is /body-parser
71 verbose request registry http://registry.npmjs.org/
72 verbose url raw /body-parser
73 verbose url resolving [ 'http://registry.npmjs.org/', './body-parser' ]
74 verbose url resolved http://registry.npmjs.org/body-parser
75 verbose request where is http://registry.npmjs.org/body-parser
76 info trying registry request attempt 1 at 00:43:18
77 verbose etag "5X0SU04JVGRH1KU6UBX5M5BJS"
78 http GET http://registry.npmjs.org/body-parser
79 verbose request where is /method-override
80 verbose request registry http://registry.npmjs.org/
81 verbose url raw /method-override
82 verbose url resolving [ 'http://registry.npmjs.org/', './method-override' ]
83 verbose url resolved http://registry.npmjs.org/method-override
84 verbose request where is http://registry.npmjs.org/method-override
85 info trying registry request attempt 1 at 00:43:18
86 verbose etag "ARSLRG3HPV6L40NZ27OSUG5GE"
87 http GET http://registry.npmjs.org/method-override
88 verbose request where is /mongoose
89 verbose request registry http://registry.npmjs.org/
90 verbose url raw /mongoose
91 verbose url resolving [ 'http://registry.npmjs.org/', './mongoose' ]
92 verbose url resolved http://registry.npmjs.org/mongoose
93 verbose request where is http://registry.npmjs.org/mongoose
94 info trying registry request attempt 1 at 00:43:18
95 verbose etag "77FWAE9R2CSD8D3I87ZXZVSD0"
96 http GET http://registry.npmjs.org/mongoose
97 verbose request where is /express
98 verbose request registry http://registry.npmjs.org/
99 verbose url raw /express
100 verbose url resolving [ 'http://registry.npmjs.org/', './express' ]
101 verbose url resolved http://registry.npmjs.org/express
102 verbose request where is http://registry.npmjs.org/express
103 info trying registry request attempt 1 at 00:43:18
104 verbose etag "2I7HXB9K8EQFK4PT7YE587OV0"
105 http GET http://registry.npmjs.org/express
106 http 304 http://registry.npmjs.org/express
107 silly registry.get cb [ 304,
107 silly registry.get   { date: 'Fri, 28 Nov 2014 19:12:40 GMT',
107 silly registry.get     via: '1.1 varnish',
107 silly registry.get     'last-modified': 'Fri, 28 Nov 2014 19:12:40 GMT',
107 silly registry.get     'cache-control': 'max-age=60',
107 silly registry.get     etag: '"2I7HXB9K8EQFK4PT7YE587OV0"',
107 silly registry.get     age: '52',
107 silly registry.get     'x-served-by': 'cache-sn88-SIN',
107 silly registry.get     'x-cache': 'HIT, MISS from proxy',
107 silly registry.get     'x-cache-hits': '1',
107 silly registry.get     'x-timer': 'S1417201960.876156,VS0,VE1',
107 silly registry.get     vary: 'Accept',
107 silly registry.get     'x-cache-lookup': 'MISS from proxy:8080',
107 silly registry.get     connection: 'keep-alive' } ]
108 verbose etag http://registry.npmjs.org/express from cache
109 silly addNameRange number 2 { name: 'express', range: '>=4.6.1-0 <4.7.0-0', hasData: true }
110 silly addNameRange versions [ 'express',
110 silly addNameRange   [ '0.14.0',
110 silly addNameRange     '0.14.1',
110 silly addNameRange     '1.0.0',
110 silly addNameRange     '1.0.1',
110 silly addNameRange     '1.0.2',
110 silly addNameRange     '1.0.3',
110 silly addNameRange     '1.0.4',
110 silly addNameRange     '1.0.5',
110 silly addNameRange     '1.0.6',
110 silly addNameRange     '1.0.7',
110 silly addNameRange     '1.0.8',
110 silly addNameRange     '2.0.0',
110 silly addNameRange     '2.1.0',
110 silly addNameRange     '2.1.1',
110 silly addNameRange     '2.2.0',
110 silly addNameRange     '2.2.1',
110 silly addNameRange     '2.2.2',
110 silly addNameRange     '2.3.0',
110 silly addNameRange     '2.3.1',
110 silly addNameRange     '2.3.2',
110 silly addNameRange     '2.3.3',
110 silly addNameRange     '2.3.4',
110 silly addNameRange     '2.3.5',
110 silly addNameRange     '2.3.6',
110 silly addNameRange     '2.3.7',
110 silly addNameRange     '2.3.8',
110 silly addNameRange     '2.3.9',
110 silly addNameRange     '2.3.10',
110 silly addNameRange     '2.3.11',
110 silly addNameRange     '2.3.12',
110 silly addNameRange     '2.4.0',
110 silly addNameRange     '2.4.1',
110 silly addNameRange     '2.4.2',
110 silly addNameRange     '2.4.3',
110 silly addNameRange     '2.4.4',
110 silly addNameRange     '2.4.5',
110 silly addNameRange     '2.4.6',
110 silly addNameRange     '2.4.7',
110 silly addNameRange     '2.5.0',
110 silly addNameRange     '2.5.1',
110 silly addNameRange     '2.5.2',
110 silly addNameRange     '2.5.3',
110 silly addNameRange     '2.5.4',
110 silly addNameRange     '2.5.5',
110 silly addNameRange     '2.5.6',
110 silly addNameRange     '2.5.7',
110 silly addNameRange     '2.5.8',
110 silly addNameRange     '2.5.9',
110 silly addNameRange     '2.5.10',
110 silly addNameRange     '2.5.11',
110 silly addNameRange     '3.0.0',
110 silly addNameRange     '3.0.1',
110 silly addNameRange     '3.0.2',
110 silly addNameRange     '3.0.3',
110 silly addNameRange     '3.0.4',
110 silly addNameRange     '3.0.5',
110 silly addNameRange     '3.0.6',
110 silly addNameRange     '3.1.0',
110 silly addNameRange     '3.1.1',
110 silly addNameRange     '3.1.2',
110 silly addNameRange     '3.2.0',
110 silly addNameRange     '3.2.1',
110 silly addNameRange     '3.2.2',
110 silly addNameRange     '3.2.3',
110 silly addNameRange     '3.2.4',
110 silly addNameRange     '3.2.5',
110 silly addNameRange     '3.2.6',
110 silly addNameRange     '3.3.0',
110 silly addNameRange     '3.3.1',
110 silly addNameRange     '3.3.2',
110 silly addNameRange     '3.3.3',
110 silly addNameRange     '3.3.4',
110 silly addNameRange     '3.3.5',
110 silly addNameRange     '3.3.6',
110 silly addNameRange     '1.0.0-beta',
110 silly addNameRange     '1.0.0-beta2',
110 silly addNameRange     '1.0.0-rc',
110 silly addNameRange     '1.0.0-rc2',
110 silly addNameRange     '1.0.0-rc3',
110 silly addNameRange     '1.0.0-rc4',
110 silly addNameRange     '2.0.0-beta',
110 silly addNameRange     '2.0.0-beta2',
110 silly addNameRange     '2.0.0-beta3',
110 silly addNameRange     '2.0.0-rc',
110 silly addNameRange     '2.0.0-rc2',
110 silly addNameRange     '2.0.0-rc3',
110 silly addNameRange     '3.0.0-alpha1',
110 silly addNameRange     '3.0.0-alpha2',
110 silly addNameRange     '3.0.0-alpha3',
110 silly addNameRange     '3.0.0-alpha4',
110 silly addNameRange     '3.0.0-alpha5',
110 silly addNameRange     '3.0.0-beta1',
110 silly addNameRange     '3.0.0-beta2',
110 silly addNameRange     '3.0.0-beta3',
110 silly addNameRange     '3.0.0-beta4',
110 silly addNameRange     '3.0.0-beta6',
110 silly addNameRange     '3.0.0-beta7',
110 silly addNameRange     '3.0.0-rc1',
110 silly addNameRange     '3.0.0-rc2',
110 silly addNameRange     '3.0.0-rc3',
110 silly addNameRange     '3.0.0-rc4',
110 silly addNameRange     '3.0.0-rc5',
110 silly addNameRange     '3.3.7',
110 silly addNameRange     '3.3.8',
110 silly addNameRange     '3.4.0',
110 silly addNameRange     '3.4.1',
110 silly addNameRange     '3.4.2',
110 silly addNameRange     '3.4.3',
110 silly addNameRange     '3.4.4',
110 silly addNameRange     '3.4.5',
110 silly addNameRange     '3.4.6',
110 silly addNameRange     '3.4.7',
110 silly addNameRange     '3.4.8',
110 silly addNameRange     '4.0.0-rc1',
110 silly addNameRange     '4.0.0-rc2',
110 silly addNameRange     '3.5.0',
110 silly addNameRange     '4.0.0-rc3',
110 silly addNameRange     '4.0.0-rc4',
110 silly addNameRange     '3.5.1',
110 silly addNameRange     '4.0.0',
110 silly addNameRange     '3.5.2',
110 silly addNameRange     '4.1.0',
110 silly addNameRange     '4.1.1',
110 silly addNameRange     '3.5.3',
110 silly addNameRange     '4.1.2',
110 silly addNameRange     '3.6.0',
110 silly addNameRange     '4.2.0',
110 silly addNameRange     '3.7.0',
110 silly addNameRange     '3.8.0',
110 silly addNameRange     '4.3.0',
110 silly addNameRange     '4.3.1',
110 silly addNameRange     '3.8.1',
110 silly addNameRange     '4.3.2',
110 silly addNameRange     '3.9.0',
110 silly addNameRange     '4.4.0',
110 silly addNameRange     '4.4.1',
110 silly addNameRange     '3.10.0',
110 silly addNameRange     '3.10.1',
110 silly addNameRange     '3.10.2',
110 silly addNameRange     '3.10.3',
110 silly addNameRange     '3.10.4',
110 silly addNameRange     '4.4.2',
110 silly addNameRange     '3.10.5',
110 silly addNameRange     '4.4.3',
110 silly addNameRange     '3.11.0',
110 silly addNameRange     '4.4.4',
110 silly addNameRange     '3.12.0',
110 silly addNameRange     '3.12.1',
110 silly addNameRange     '4.4.5',
110 silly addNameRange     '3.13.0',
110 silly addNameRange     '4.5.0',
110 silly addNameRange     '4.5.1',
110 silly addNameRange     '3.14.0',
110 silly addNameRange     '4.6.0',
110 silly addNameRange     '4.6.1',
110 silly addNameRange     '3.15.0',
110 silly addNameRange     '4.7.0',
110 silly addNameRange     '3.15.1',
110 silly addNameRange     '4.7.1',
110 silly addNameRange     '3.15.2',
110 silly addNameRange     '4.7.2',
110 silly addNameRange     '4.7.3',
110 silly addNameRange     '3.15.3',
110 silly addNameRange     '4.7.4',
110 silly addNameRange     '3.16.0',
110 silly addNameRange     '4.8.0',
110 silly addNameRange     '3.16.1',
110 silly addNameRange     '4.8.1',
110 silly addNameRange     '3.16.2',
110 silly addNameRange     '4.8.2',
110 silly addNameRange     '3.16.3',
110 silly addNameRange     '3.16.4',
110 silly addNameRange     '4.8.3',
110 silly addNameRange     '3.16.5',
110 silly addNameRange     '3.16.6',
110 silly addNameRange     '4.8.4',
110 silly addNameRange     '3.16.7',
110 silly addNameRange     '4.8.5',
110 silly addNameRange     '3.16.8',
110 silly addNameRange     '4.8.6',
110 silly addNameRange     '3.16.9',
110 silly addNameRange     '4.8.7',
110 silly addNameRange     '3.16.10',
110 silly addNameRange     '4.8.8',
110 silly addNameRange     '3.17.0',
110 silly addNameRange     '3.17.1',
110 silly addNameRange     '4.9.0',
110 silly addNameRange     '3.17.2',
110 silly addNameRange     '4.9.1',
110 silly addNameRange     '4.9.2',
110 silly addNameRange     '3.17.3',
110 silly addNameRange     '4.9.3',
110 silly addNameRange     '3.17.4',
110 silly addNameRange     '4.9.4',
110 silly addNameRange     '3.17.5',
110 silly addNameRange     '4.9.5',
110 silly addNameRange     '3.17.6',
110 silly addNameRange     '3.17.7',
110 silly addNameRange     '4.9.6',
110 silly addNameRange     '4.9.7',
110 silly addNameRange     '3.17.8',
110 silly addNameRange     '4.9.8',
110 silly addNameRange     '3.18.0',
110 silly addNameRange     '3.18.1',
110 silly addNameRange     '4.10.0',
110 silly addNameRange     '3.18.2',
110 silly addNameRange     '4.10.1',
110 silly addNameRange     '5.0.0-alpha.1',
110 silly addNameRange     '3.18.3',
110 silly addNameRange     '4.10.2',
110 silly addNameRange     '3.18.4',
110 silly addNameRange     '4.10.3',
110 silly addNameRange     '4.10.4' ] ]
111 verbose addNamed [ 'express', '4.6.1' ]
112 verbose addNamed [ '4.6.1', '4.6.1' ]
113 silly lockFile 19c2b59f-express-4-6-1 express@4.6.1
114 verbose lock express@4.6.1 /home/ashish/.npm/19c2b59f-express-4-6-1.lock
115 silly lockFile f9610af1-js-org-express-express-4-6-1-tgz http://registry.npmjs.org/express/-/express-4.6.1.tgz
116 verbose lock http://registry.npmjs.org/express/-/express-4.6.1.tgz /home/ashish/.npm/f9610af1-js-org-express-express-4-6-1-tgz.lock
117 verbose addRemoteTarball [ 'http://registry.npmjs.org/express/-/express-4.6.1.tgz',
117 verbose addRemoteTarball   'c806e51755cb453ba17fac2f343caff6af885df4' ]
118 info retry fetch attempt 1 at 00:43:18
119 verbose fetch to= /tmp/npm-18918-KhgdLZ1o/registry.npmjs.org/express/-/express-4.6.1.tgz
120 http GET http://registry.npmjs.org/express/-/express-4.6.1.tgz
121 http 200 http://registry.npmjs.org/express/-/express-4.6.1.tgz
122 silly lockFile f9610af1-js-org-express-express-4-6-1-tgz http://registry.npmjs.org/express/-/express-4.6.1.tgz
123 silly lockFile f9610af1-js-org-express-express-4-6-1-tgz http://registry.npmjs.org/express/-/express-4.6.1.tgz
124 silly lockFile 19c2b59f-express-4-6-1 express@4.6.1
125 silly lockFile 19c2b59f-express-4-6-1 express@4.6.1
126 silly lockFile 8c81496e-express-4-6-1 express@~4.6.1
127 silly lockFile 8c81496e-express-4-6-1 express@~4.6.1
128 http 304 http://registry.npmjs.org/mongoose
129 silly registry.get cb [ 304,
129 silly registry.get   { date: 'Fri, 28 Nov 2014 19:12:40 GMT',
129 silly registry.get     via: '1.1 varnish',
129 silly registry.get     'last-modified': 'Fri, 28 Nov 2014 19:12:41 GMT',
129 silly registry.get     'cache-control': 'max-age=60',
129 silly registry.get     etag: '"77FWAE9R2CSD8D3I87ZXZVSD0"',
129 silly registry.get     age: '0',
129 silly registry.get     'x-served-by': 'cache-sn89-SIN',
129 silly registry.get     'x-cache': 'HIT, MISS from proxy',
129 silly registry.get     'x-cache-hits': '1',
129 silly registry.get     'x-timer': 'S1417201960.858092,VS0,VE870',
129 silly registry.get     vary: 'Accept',
129 silly registry.get     'x-cache-lookup': 'MISS from proxy:8080',
129 silly registry.get     connection: 'keep-alive' } ]
130 verbose etag http://registry.npmjs.org/mongoose from cache
131 silly addNameRange number 2 { name: 'mongoose', range: '>=3.8.13-0 <3.9.0-0', hasData: true }
132 silly addNameRange versions [ 'mongoose',
132 silly addNameRange   [ '0.0.1',
132 silly addNameRange     '0.0.2',
132 silly addNameRange     '0.0.3',
132 silly addNameRange     '0.0.4',
132 silly addNameRange     '0.0.5',
132 silly addNameRange     '1.0.0',
132 silly addNameRange     '1.0.1',
132 silly addNameRange     '1.0.2',
132 silly addNameRange     '0.0.6',
132 silly addNameRange     '1.0.3',
132 silly addNameRange     '1.0.4',
132 silly addNameRange     '1.0.5',
132 silly addNameRange     '1.0.6',
132 silly addNameRange     '1.0.7',
132 silly addNameRange     '1.0.8',
132 silly addNameRange     '1.0.10',
132 silly addNameRange     '1.0.11',
132 silly addNameRange     '1.0.12',
132 silly addNameRange     '1.0.13',
132 silly addNameRange     '1.0.14',
132 silly addNameRange     '1.0.15',
132 silly addNameRange     '1.0.16',
132 silly addNameRange     '1.1.0',
132 silly addNameRange     '1.1.1',
132 silly addNameRange     '1.1.2',
132 silly addNameRange     '1.1.3',
132 silly addNameRange     '1.1.4',
132 silly addNameRange     '1.1.5',
132 silly addNameRange     '1.1.6',
132 silly addNameRange     '1.1.7',
132 silly addNameRange     '1.1.8',
132 silly addNameRange     '1.1.9',
132 silly addNameRange     '1.1.10',
132 silly addNameRange     '1.1.11',
132 silly addNameRange     '1.1.12',
132 silly addNameRange     '1.1.13',
132 silly addNameRange     '1.1.14',
132 silly addNameRange     '1.1.15',
132 silly addNameRange     '1.1.16',
132 silly addNameRange     '1.1.17',
132 silly addNameRange     '1.1.18',
132 silly addNameRange     '1.1.19',
132 silly addNameRange     '1.1.20',
132 silly addNameRange     '1.1.21',
132 silly addNameRange     '1.1.22',
132 silly addNameRange     '1.1.23',
132 silly addNameRange     '1.1.24',
132 silly addNameRange     '1.1.25',
132 silly addNameRange     '1.2.0',
132 silly addNameRange     '1.3.0',
132 silly addNameRange     '1.3.1',
132 silly addNameRange     '1.3.2',
132 silly addNameRange     '1.3.3',
132 silly addNameRange     '1.3.4',
132 silly addNameRange     '1.3.5',
132 silly addNameRange     '1.3.6',
132 silly addNameRange     '1.3.7',
132 silly addNameRange     '1.4.0',
132 silly addNameRange     '1.5.0',
132 silly addNameRange     '1.6.0',
132 silly addNameRange     '1.7.2',
132 silly addNameRange     '1.7.3',
132 silly addNameRange     '1.7.4',
132 silly addNameRange     '1.8.0',
132 silly addNameRange     '1.8.1',
132 silly addNameRange     '1.8.2',
132 silly addNameRange     '1.8.3',
132 silly addNameRange     '1.8.4',
132 silly addNameRange     '2.0.0',
132 silly addNameRange     '2.0.1',
132 silly addNameRange     '2.0.2',
132 silly addNameRange     '2.0.3',
132 silly addNameRange     '2.0.4',
132 silly addNameRange     '2.1.0',
132 silly addNameRange     '2.1.1',
132 silly addNameRange     '2.1.2',
132 silly addNameRange     '2.1.3',
132 silly addNameRange     '2.1.4',
132 silly addNameRange     '2.2.0',
132 silly addNameRange     '2.2.1',
132 silly addNameRange     '2.2.2',
132 silly addNameRange     '2.2.3',
132 silly addNameRange     '2.2.4',
132 silly addNameRange     '2.3.0',
132 silly addNameRange     '2.3.1',
132 silly addNameRange     '2.3.2',
132 silly addNameRange     '2.3.3',
132 silly addNameRange     '2.3.4',
132 silly addNameRange     '2.3.5',
132 silly addNameRange     '2.3.6',
132 silly addNameRange     '2.3.7',
132 silly addNameRange     '2.3.8',
132 silly addNameRange     '2.3.9',
132 silly addNameRange     '2.3.10',
132 silly addNameRange     '2.3.11',
132 silly addNameRange     '2.3.12',
132 silly addNameRange     '2.3.13',
132 silly addNameRange     '2.4.0',
132 silly addNameRange     '2.4.1',
132 silly addNameRange     '2.4.2',
132 silly addNameRange     '2.4.3',
132 silly addNameRange     '2.4.4',
132 silly addNameRange     '2.4.5',
132 silly addNameRange     '2.4.6',
132 silly addNameRange     '2.4.7',
132 silly addNameRange     '2.4.8',
132 silly addNameRange     '2.4.9',
132 silly addNameRange     '2.4.10',
132 silly addNameRange     '2.5.0',
132 silly addNameRange     '2.5.1',
132 silly addNameRange     '2.5.2',
132 silly addNameRange     '2.5.3',
132 silly addNameRange     '2.5.4',
132 silly addNameRange     '2.5.5',
132 silly addNameRange     '2.5.6',
132 silly addNameRange     '2.5.7',
132 silly addNameRange     '2.5.8',
132 silly addNameRange     '2.5.9',
132 silly addNameRange     '2.5.10',
132 silly addNameRange     '2.5.11',
132 silly addNameRange     '2.5.12',
132 silly addNameRange     '2.5.13',
132 silly addNameRange     '2.5.14',
132 silly addNameRange     '2.6.0',
132 silly addNameRange     '2.6.1',
132 silly addNameRange     '2.6.2',
132 silly addNameRange     '2.6.3',
132 silly addNameRange     '2.6.4',
132 silly addNameRange     '2.6.5',
132 silly addNameRange     '2.6.6',
132 silly addNameRange     '2.6.7',
132 silly addNameRange     '2.6.8',
132 silly addNameRange     '2.7.0',
132 silly addNameRange     '2.7.1',
132 silly addNameRange     '2.7.2',
132 silly addNameRange     '2.7.4',
132 silly addNameRange     '2.7.3',
132 silly addNameRange     '3.0.0',
132 silly addNameRange     '3.0.1',
132 silly addNameRange     '3.0.2',
132 silly addNameRange     '2.8.0',
132 silly addNameRange     '3.0.3',
132 silly addNameRange     '3.1.0',
132 silly addNameRange     '2.8.1',
132 silly addNameRange     '3.1.1',
132 silly addNameRange     '2.8.2',
132 silly addNameRange     '2.8.3',
132 silly addNameRange     '2.9.0',
132 silly addNameRange     '3.2.0',
132 silly addNameRange     '2.9.1',
132 silly addNameRange     '3.2.1',
132 silly addNameRange     '2.9.2',
132 silly addNameRange     '3.2.2',
132 silly addNameRange     '3.3.0',
132 silly addNameRange     '3.3.1',
132 silly addNameRange     '2.9.3',
132 silly addNameRange     '3.4.0',
132 silly addNameRange     '2.9.4',
132 silly addNameRange     '2.9.5',
132 silly addNameRange     '3.5.0',
132 silly addNameRange     '3.5.1',
132 silly addNameRange     '3.5.2',
132 silly addNameRange     '3.5.3',
132 silly addNameRange     '2.9.6',
132 silly addNameRange     '2.9.7',
132 silly addNameRange     '3.5.4',
132 silly addNameRange     '3.5.5',
132 silly addNameRange     '2.9.8',
132 silly addNameRange     '2.9.9',
132 silly addNameRange     '3.5.6',
132 silly addNameRange     '3.5.7',
132 silly addNameRange     '3.5.8',
132 silly addNameRange     '2.9.10',
132 silly addNameRange     '3.5.9',
132 silly addNameRange     '3.6.2',
132 silly addNameRange     '3.5.10',
132 silly addNameRange     '3.6.3',
132 silly addNameRange     '3.5.11',
132 silly addNameRange     '3.6.4',
132 silly addNameRange     '3.6.5',
132 silly addNameRange     '3.6.6',
132 silly addNameRange     '3.6.7',
132 silly addNameRange     '3.5.12',
132 silly addNameRange     '3.6.8',
132 silly addNameRange     '3.6.9',
132 silly addNameRange     '3.6.10',
132 silly addNameRange     '3.5.13',
132 silly addNameRange     '3.5.14',
132 silly addNameRange     '3.6.11',
132 silly addNameRange     '3.6.12',
132 silly addNameRange     '3.6.13',
132 silly addNameRange     '3.6.14',
132 silly addNameRange     '3.6.15',
132 silly addNameRange     '3.5.15',
132 silly addNameRange     '3.7.0',
132 silly addNameRange     '3.6.16',
132 silly addNameRange     '3.5.16',
132 silly addNameRange     '3.6.17',
132 silly addNameRange     '3.7.2',
132 silly addNameRange     '3.0.0-alpha1',
132 silly addNameRange     '3.0.0-alpha2',
132 silly addNameRange     '3.0.0-rc0',
132 silly addNameRange     '3.6.0-rc0',
132 silly addNameRange     '3.6.0-rc1',
132 silly addNameRange     '3.6.18',
132 silly addNameRange     '3.7.3',
132 silly addNameRange     '3.6.19',
132 silly addNameRange     '3.6.20',
132 silly addNameRange     '3.7.4',
132 silly addNameRange     '3.8.0',
132 silly addNameRange     '3.8.1',
132 silly addNameRange     '3.8.2',
132 silly addNameRange     '3.8.3',
132 silly addNameRange     '3.8.4',
132 silly addNameRange     '3.8.5',
132 silly addNameRange     '3.8.6',
132 silly addNameRange     '3.8.7',
132 silly addNameRange     '3.8.8',
132 silly addNameRange     '3.8.9',
132 silly addNameRange     '3.8.10',
132 silly addNameRange     '3.8.11',
132 silly addNameRange     '3.9.0',
132 silly addNameRange     '3.8.12',
132 silly addNameRange     '3.8.13',
132 silly addNameRange     '3.8.14',
132 silly addNameRange     '3.8.15',
132 silly addNameRange     '3.9.1',
132 silly addNameRange     '3.8.16',
132 silly addNameRange     '3.9.2',
132 silly addNameRange     '3.8.17',
132 silly addNameRange     '3.9.3',
132 silly addNameRange     '3.8.18',
132 silly addNameRange     '3.9.4',
132 silly addNameRange     '3.8.19',
132 silly addNameRange     '3.9.5' ] ]
133 verbose addNamed [ 'mongoose', '3.8.19' ]
134 verbose addNamed [ '3.8.19', '3.8.19' ]
135 silly lockFile 32b89ef2-mongoose-3-8-19 mongoose@3.8.19
136 verbose lock mongoose@3.8.19 /home/ashish/.npm/32b89ef2-mongoose-3-8-19.lock
137 silly lockFile 54424647-org-mongoose-mongoose-3-8-19-tgz http://registry.npmjs.org/mongoose/-/mongoose-3.8.19.tgz
138 verbose lock http://registry.npmjs.org/mongoose/-/mongoose-3.8.19.tgz /home/ashish/.npm/54424647-org-mongoose-mongoose-3-8-19-tgz.lock
139 verbose addRemoteTarball [ 'http://registry.npmjs.org/mongoose/-/mongoose-3.8.19.tgz',
139 verbose addRemoteTarball   '53b82129c895bbb1e91094cb34d4a03920b1dcb4' ]
140 info retry fetch attempt 1 at 00:43:19
141 verbose fetch to= /tmp/npm-18918-KhgdLZ1o/registry.npmjs.org/mongoose/-/mongoose-3.8.19.tgz
142 http GET http://registry.npmjs.org/mongoose/-/mongoose-3.8.19.tgz
143 http 200 http://registry.npmjs.org/mongoose/-/mongoose-3.8.19.tgz
144 http 304 http://registry.npmjs.org/body-parser
145 silly registry.get cb [ 304,
145 silly registry.get   { date: 'Fri, 28 Nov 2014 19:12:40 GMT',
145 silly registry.get     via: '1.1 varnish',
145 silly registry.get     'last-modified': 'Fri, 28 Nov 2014 19:12:41 GMT',
145 silly registry.get     'cache-control': 'max-age=60',
145 silly registry.get     etag: '"5X0SU04JVGRH1KU6UBX5M5BJS"',
145 silly registry.get     age: '0',
145 silly registry.get     'x-served-by': 'cache-sn87-SIN',
145 silly registry.get     'x-cache': 'HIT, MISS from proxy',
145 silly registry.get     'x-cache-hits': '1',
145 silly registry.get     'x-timer': 'S1417201960.859849,VS0,VE984',
145 silly registry.get     vary: 'Accept',
145 silly registry.get     'x-cache-lookup': 'MISS from proxy:8080',
145 silly registry.get     connection: 'keep-alive' } ]
146 verbose etag http://registry.npmjs.org/body-parser from cache
147 silly addNameRange number 2 { name: 'body-parser',
147 silly addNameRange   range: '>=1.4.3-0 <1.5.0-0',
147 silly addNameRange   hasData: true }
148 silly addNameRange versions [ 'body-parser',
148 silly addNameRange   [ '1.0.0',
148 silly addNameRange     '1.0.1',
148 silly addNameRange     '1.0.2',
148 silly addNameRange     '1.1.0',
148 silly addNameRange     '1.1.1',
148 silly addNameRange     '1.1.2',
148 silly addNameRange     '1.2.0',
148 silly addNameRange     '1.2.1',
148 silly addNameRange     '1.2.2',
148 silly addNameRange     '1.3.0',
148 silly addNameRange     '1.3.1',
148 silly addNameRange     '1.4.0',
148 silly addNameRange     '1.4.1',
148 silly addNameRange     '1.4.2',
148 silly addNameRange     '1.4.3',
148 silly addNameRange     '1.5.0',
148 silly addNameRange     '1.5.1',
148 silly addNameRange     '1.5.2',
148 silly addNameRange     '1.6.0',
148 silly addNameRange     '1.6.1',
148 silly addNameRange     '1.6.2',
148 silly addNameRange     '1.6.3',
148 silly addNameRange     '1.6.4',
148 silly addNameRange     '1.6.5',
148 silly addNameRange     '1.6.6',
148 silly addNameRange     '1.6.7',
148 silly addNameRange     '1.7.0',
148 silly addNameRange     '1.8.0',
148 silly addNameRange     '1.8.1',
148 silly addNameRange     '1.8.2',
148 silly addNameRange     '1.8.3',
148 silly addNameRange     '1.8.4',
148 silly addNameRange     '1.9.0',
148 silly addNameRange     '1.9.1',
148 silly addNameRange     '1.9.2',
148 silly addNameRange     '1.9.3' ] ]
149 verbose addNamed [ 'body-parser', '1.4.3' ]
150 verbose addNamed [ '1.4.3', '1.4.3' ]
151 silly lockFile b6d1f7e9-body-parser-1-4-3 body-parser@1.4.3
152 verbose lock body-parser@1.4.3 /home/ashish/.npm/b6d1f7e9-body-parser-1-4-3.lock
153 silly lockFile 40806000-ody-parser-body-parser-1-4-3-tgz http://registry.npmjs.org/body-parser/-/body-parser-1.4.3.tgz
154 verbose lock http://registry.npmjs.org/body-parser/-/body-parser-1.4.3.tgz /home/ashish/.npm/40806000-ody-parser-body-parser-1-4-3-tgz.lock
155 verbose addRemoteTarball [ 'http://registry.npmjs.org/body-parser/-/body-parser-1.4.3.tgz',
155 verbose addRemoteTarball   '4727952cff4af0773eefa4b226c2f4122f5e234d' ]
156 http 304 http://registry.npmjs.org/method-override
157 silly registry.get cb [ 304,
157 silly registry.get   { date: 'Fri, 28 Nov 2014 19:12:40 GMT',
157 silly registry.get     via: '1.1 varnish',
157 silly registry.get     'last-modified': 'Fri, 28 Nov 2014 19:12:41 GMT',
157 silly registry.get     'cache-control': 'max-age=60',
157 silly registry.get     etag: '"ARSLRG3HPV6L40NZ27OSUG5GE"',
157 silly registry.get     age: '0',
157 silly registry.get     'x-served-by': 'cache-sn87-SIN',
157 silly registry.get     'x-cache': 'HIT, MISS from proxy',
157 silly registry.get     'x-cache-hits': '1',
157 silly registry.get     'x-timer': 'S1417201960.860910,VS0,VE997',
157 silly registry.get     vary: 'Accept',
157 silly registry.get     'x-cache-lookup': 'MISS from proxy:8080',
157 silly registry.get     connection: 'keep-alive' } ]
158 verbose etag http://registry.npmjs.org/method-override from cache
159 info retry fetch attempt 1 at 00:43:19
160 verbose fetch to= /tmp/npm-18918-KhgdLZ1o/registry.npmjs.org/body-parser/-/body-parser-1.4.3.tgz
161 http GET http://registry.npmjs.org/body-parser/-/body-parser-1.4.3.tgz
162 silly addNameRange number 2 { name: 'method-override',
162 silly addNameRange   range: '>=2.1.1-0 <2.2.0-0',
162 silly addNameRange   hasData: true }
163 silly addNameRange versions [ 'method-override',
163 silly addNameRange   [ '1.0.0',
163 silly addNameRange     '1.0.1',
163 silly addNameRange     '1.0.2',
163 silly addNameRange     '2.0.0',
163 silly addNameRange     '2.0.1',
163 silly addNameRange     '2.0.2',
163 silly addNameRange     '2.1.0',
163 silly addNameRange     '2.1.1',
163 silly addNameRange     '2.1.2',
163 silly addNameRange     '2.1.3',
163 silly addNameRange     '2.2.0',
163 silly addNameRange     '2.3.0' ] ]
164 verbose addNamed [ 'method-override', '2.1.3' ]
165 verbose addNamed [ '2.1.3', '2.1.3' ]
166 silly lockFile b4e26855-method-override-2-1-3 method-override@2.1.3
167 verbose lock method-override@2.1.3 /home/ashish/.npm/b4e26855-method-override-2-1-3.lock
168 silly lockFile b4e26855-method-override-2-1-3 method-override@2.1.3
169 silly lockFile b4e26855-method-override-2-1-3 method-override@2.1.3
170 silly lockFile dba61a8c-method-override-2-1-1 method-override@~2.1.1
171 silly lockFile dba61a8c-method-override-2-1-1 method-override@~2.1.1
172 http 200 http://registry.npmjs.org/body-parser/-/body-parser-1.4.3.tgz
173 silly lockFile 40806000-ody-parser-body-parser-1-4-3-tgz http://registry.npmjs.org/body-parser/-/body-parser-1.4.3.tgz
174 silly lockFile 40806000-ody-parser-body-parser-1-4-3-tgz http://registry.npmjs.org/body-parser/-/body-parser-1.4.3.tgz
175 silly lockFile b6d1f7e9-body-parser-1-4-3 body-parser@1.4.3
176 silly lockFile b6d1f7e9-body-parser-1-4-3 body-parser@1.4.3
177 silly lockFile 09a058c8-body-parser-1-4-3 body-parser@~1.4.3
178 silly lockFile 09a058c8-body-parser-1-4-3 body-parser@~1.4.3
179 silly lockFile 54424647-org-mongoose-mongoose-3-8-19-tgz http://registry.npmjs.org/mongoose/-/mongoose-3.8.19.tgz
180 silly lockFile 54424647-org-mongoose-mongoose-3-8-19-tgz http://registry.npmjs.org/mongoose/-/mongoose-3.8.19.tgz
181 silly lockFile 32b89ef2-mongoose-3-8-19 mongoose@3.8.19
182 silly lockFile 32b89ef2-mongoose-3-8-19 mongoose@3.8.19
183 silly lockFile 8b07a538-mongoose-3-8-13 mongoose@~3.8.13
184 silly lockFile 8b07a538-mongoose-3-8-13 mongoose@~3.8.13
185 http 304 http://registry.npmjs.org/morgan
186 silly registry.get cb [ 304,
186 silly registry.get   { date: 'Fri, 28 Nov 2014 19:12:45 GMT',
186 silly registry.get     via: '1.1 varnish',
186 silly registry.get     'last-modified': 'Fri, 28 Nov 2014 19:12:46 GMT',
186 silly registry.get     'cache-control': 'max-age=60',
186 silly registry.get     etag: '"A4D8HEFHF3VM613B88P1RXA9D"',
186 silly registry.get     age: '0',
186 silly registry.get     'x-served-by': 'cache-sn89-SIN',
186 silly registry.get     'x-cache': 'HIT, MISS from proxy',
186 silly registry.get     'x-cache-hits': '1',
186 silly registry.get     'x-timer': 'S1417201965.601046,VS0,VE815',
186 silly registry.get     vary: 'Accept',
186 silly registry.get     'x-cache-lookup': 'MISS from proxy:8080',
186 silly registry.get     connection: 'keep-alive' } ]
187 verbose etag http://registry.npmjs.org/morgan from cache
188 silly addNameRange number 2 { name: 'morgan', range: '>=1.1.1-0 <1.2.0-0', hasData: true }
189 silly addNameRange versions [ 'morgan',
189 silly addNameRange   [ '1.0.0',
189 silly addNameRange     '1.0.1',
189 silly addNameRange     '1.1.0',
189 silly addNameRange     '1.1.1',
189 silly addNameRange     '1.2.0',
189 silly addNameRange     '1.2.1',
189 silly addNameRange     '1.2.2',
189 silly addNameRange     '1.2.3',
189 silly addNameRange     '1.3.0',
189 silly addNameRange     '1.3.1',
189 silly addNameRange     '1.3.2',
189 silly addNameRange     '1.4.0',
189 silly addNameRange     '1.4.1',
189 silly addNameRange     '1.5.0' ] ]
190 verbose addNamed [ 'morgan', '1.1.1' ]
191 verbose addNamed [ '1.1.1', '1.1.1' ]
192 silly lockFile bf9e70f4-morgan-1-1-1 morgan@1.1.1
193 verbose lock morgan@1.1.1 /home/ashish/.npm/bf9e70f4-morgan-1-1-1.lock
194 silly lockFile fa2fa798-pmjs-org-morgan-morgan-1-1-1-tgz http://registry.npmjs.org/morgan/-/morgan-1.1.1.tgz
195 verbose lock http://registry.npmjs.org/morgan/-/morgan-1.1.1.tgz /home/ashish/.npm/fa2fa798-pmjs-org-morgan-morgan-1-1-1-tgz.lock
196 verbose addRemoteTarball [ 'http://registry.npmjs.org/morgan/-/morgan-1.1.1.tgz',
196 verbose addRemoteTarball   'cde45d2e807ebcc439745846ea80392e69098146' ]
197 info retry fetch attempt 1 at 00:43:23
198 verbose fetch to= /tmp/npm-18918-KhgdLZ1o/registry.npmjs.org/morgan/-/morgan-1.1.1.tgz
199 http GET http://registry.npmjs.org/morgan/-/morgan-1.1.1.tgz
200 http 200 http://registry.npmjs.org/morgan/-/morgan-1.1.1.tgz
201 silly lockFile fa2fa798-pmjs-org-morgan-morgan-1-1-1-tgz http://registry.npmjs.org/morgan/-/morgan-1.1.1.tgz
202 silly lockFile fa2fa798-pmjs-org-morgan-morgan-1-1-1-tgz http://registry.npmjs.org/morgan/-/morgan-1.1.1.tgz
203 silly lockFile bf9e70f4-morgan-1-1-1 morgan@1.1.1
204 silly lockFile bf9e70f4-morgan-1-1-1 morgan@1.1.1
205 silly lockFile 2a2f7426-morgan-1-1-1 morgan@~1.1.1
206 silly lockFile 2a2f7426-morgan-1-1-1 morgan@~1.1.1
207 error Error: EACCES, mkdir '/home/ashish/.npm/body-parser/1.4.3'
207 error  { [Error: EACCES, mkdir '/home/ashish/.npm/body-parser/1.4.3']
207 error   errno: 3,
207 error   code: 'EACCES',
207 error   path: '/home/ashish/.npm/body-parser/1.4.3',
207 error   parent: 'node-todo' }
208 error Please try running this command again as root/Administrator.
209 error System Linux 3.8.0-44-generic
210 error command "/usr/bin/node" "/usr/bin/npm" "install"
211 error cwd /home/ashish/Desktop/demo/node-todo
212 error node -v v0.10.33
213 error npm -v 1.4.28
214 error path /home/ashish/.npm/body-parser/1.4.3
215 error code EACCES
216 error errno 3
217 error stack Error: EACCES, mkdir '/home/ashish/.npm/body-parser/1.4.3'
218 verbose exit [ 3, true ]
